c:\users\administrator\source\repos\mydriver10\punishment_heart_driver\x64\release\vc142.pdb
c:\users\administrator\source\repos\mydriver10\punishment_heart_driver\x64\release\_thread.obj
c:\users\administrator\source\repos\mydriver10\punishment_heart_driver\x64\release\main.obj
c:\users\administrator\source\repos\mydriver10\punishment_heart_driver\x64\release\_driver.obj
c:\users\administrator\source\repos\mydriver10\punishment_heart_driver\x64\release\utils.obj
c:\users\administrator\source\repos\mydriver10\punishment_heart_driver\d_vmenvironment.obj
c:\users\administrator\source\repos\mydriver10\x64\release\phguard\phguard.cat
c:\users\administrator\source\repos\mydriver10\x64\release\phguard.sys
c:\users\administrator\source\repos\mydriver10\x64\release\phguard.pdb
c:\users\administrator\source\repos\mydriver10\punishment_heart_driver\x64\release\mydriver1.inf
c:\users\administrator\source\repos\mydriver10\x64\release\phguard.cer
c:\users\administrator\source\repos\mydriver10\punishment_heart_driver\x64\release\phguard.tlog\cl.command.1.tlog
c:\users\administrator\source\repos\mydriver10\punishment_heart_driver\x64\release\phguard.tlog\cl.read.1.tlog
c:\users\administrator\source\repos\mydriver10\punishment_heart_driver\x64\release\phguard.tlog\cl.write.1.tlog
c:\users\administrator\source\repos\mydriver10\punishment_heart_driver\x64\release\phguard.tlog\custombuild.command.1.tlog
c:\users\administrator\source\repos\mydriver10\punishment_heart_driver\x64\release\phguard.tlog\custombuild.read.1.tlog
c:\users\administrator\source\repos\mydriver10\punishment_heart_driver\x64\release\phguard.tlog\custombuild.write.1.tlog
c:\users\administrator\source\repos\mydriver10\punishment_heart_driver\x64\release\phguard.tlog\inf2cat-expand.18996.read.1.tlog
c:\users\administrator\source\repos\mydriver10\punishment_heart_driver\x64\release\phguard.tlog\inf2cat-expand.18996.write.1.tlog
c:\users\administrator\source\repos\mydriver10\punishment_heart_driver\x64\release\phguard.tlog\inf2cat-expand.read.1.tlog
c:\users\administrator\source\repos\mydriver10\punishment_heart_driver\x64\release\phguard.tlog\inf2cat-expand.write.1.tlog
c:\users\administrator\source\repos\mydriver10\punishment_heart_driver\x64\release\phguard.tlog\inf2cat.command.1.tlog
c:\users\administrator\source\repos\mydriver10\punishment_heart_driver\x64\release\phguard.tlog\inf2cat.read.1.tlog
c:\users\administrator\source\repos\mydriver10\punishment_heart_driver\x64\release\phguard.tlog\inf2cat.write.1.tlog
c:\users\administrator\source\repos\mydriver10\punishment_heart_driver\x64\release\phguard.tlog\link.command.1.tlog
c:\users\administrator\source\repos\mydriver10\punishment_heart_driver\x64\release\phguard.tlog\link.read.1.tlog
c:\users\administrator\source\repos\mydriver10\punishment_heart_driver\x64\release\phguard.tlog\link.write.1.tlog
c:\users\administrator\source\repos\mydriver10\punishment_heart_driver\x64\release\phguard.tlog\signtool.command.1.tlog
c:\users\administrator\source\repos\mydriver10\punishment_heart_driver\x64\release\phguard.tlog\signtool.read.1.tlog
c:\users\administrator\source\repos\mydriver10\punishment_heart_driver\x64\release\phguard.tlog\signtool.timestamp.1.tlog
c:\users\administrator\source\repos\mydriver10\punishment_heart_driver\x64\release\phguard.tlog\signtool.write.1.tlog
c:\users\administrator\source\repos\mydriver10\punishment_heart_driver\x64\release\phguard.tlog\stampinf.command.1.tlog
c:\users\administrator\source\repos\mydriver10\punishment_heart_driver\x64\release\phguard.tlog\stampinf.read.1.tlog
c:\users\administrator\source\repos\mydriver10\punishment_heart_driver\x64\release\phguard.tlog\stampinf.write.1.tlog
