c:\users\lenovo\source\repos\mydriver1\mydriver1\debug\vc142.pdb
c:\users\lenovo\source\repos\mydriver1\mydriver1\debug\c.obj
c:\users\lenovo\source\repos\mydriver1\debug\mydriver1.sys
c:\users\lenovo\source\repos\mydriver1\debug\mydriver1.pdb
c:\users\lenovo\source\repos\mydriver1\mydriver1\debug\mydriver1.inf
c:\users\lenovo\source\repos\mydriver1\debug\mydriver1.cer
c:\users\lenovo\source\repos\mydriver1\debug\mydriver1.inf
c:\users\lenovo\source\repos\mydriver1\mydriver1\debug\mydriver1.tlog\cl.command.1.tlog
c:\users\lenovo\source\repos\mydriver1\mydriver1\debug\mydriver1.tlog\cl.read.1.tlog
c:\users\lenovo\source\repos\mydriver1\mydriver1\debug\mydriver1.tlog\cl.write.1.tlog
c:\users\lenovo\source\repos\mydriver1\mydriver1\debug\mydriver1.tlog\link.command.1.tlog
c:\users\lenovo\source\repos\mydriver1\mydriver1\debug\mydriver1.tlog\link.read.1.tlog
c:\users\lenovo\source\repos\mydriver1\mydriver1\debug\mydriver1.tlog\link.write.1.tlog
c:\users\lenovo\source\repos\mydriver1\mydriver1\debug\mydriver1.tlog\signtool.command.1.tlog
c:\users\lenovo\source\repos\mydriver1\mydriver1\debug\mydriver1.tlog\signtool.read.1.tlog
c:\users\lenovo\source\repos\mydriver1\mydriver1\debug\mydriver1.tlog\signtool.timestamp.1.tlog
c:\users\lenovo\source\repos\mydriver1\mydriver1\debug\mydriver1.tlog\signtool.write.1.tlog
c:\users\lenovo\source\repos\mydriver1\mydriver1\debug\mydriver1.tlog\stampinf.command.1.tlog
c:\users\lenovo\source\repos\mydriver1\mydriver1\debug\mydriver1.tlog\stampinf.read.1.tlog
c:\users\lenovo\source\repos\mydriver1\mydriver1\debug\mydriver1.tlog\stampinf.write.1.tlog
