c:\users\administrator\source\repos\mydriver10\punishment_heart_driver\x64\debug\vc142.pdb
c:\users\administrator\source\repos\mydriver10\punishment_heart_driver\x64\debug\main.obj
c:\users\administrator\source\repos\mydriver10\punishment_heart_driver\x64\debug\_driver.obj
c:\users\administrator\source\repos\mydriver10\punishment_heart_driver\x64\debug\utils.obj
c:\users\administrator\source\repos\mydriver10\punishment_heart_driver\d_vmenvironment.obj
c:\users\administrator\source\repos\mydriver10\x64\debug\mydriver1\mydriver1.cat
c:\users\administrator\source\repos\mydriver10\x64\debug\mydriver1.sys
c:\users\administrator\source\repos\mydriver10\x64\debug\mydriver1.pdb
c:\users\administrator\source\repos\mydriver10\punishment_heart_driver\x64\debug\mydriver1.inf
c:\users\administrator\source\repos\mydriver10\x64\debug\mydriver1.cer
c:\users\administrator\source\repos\mydriver10\x64\debug\mydriver1.inf
c:\users\administrator\source\repos\mydriver10\punishment_heart_driver\x64\debug\mydriver1.tlog\cl.command.1.tlog
c:\users\administrator\source\repos\mydriver10\punishment_heart_driver\x64\debug\mydriver1.tlog\cl.read.1.tlog
c:\users\administrator\source\repos\mydriver10\punishment_heart_driver\x64\debug\mydriver1.tlog\cl.write.1.tlog
c:\users\administrator\source\repos\mydriver10\punishment_heart_driver\x64\debug\mydriver1.tlog\custombuild.command.1.tlog
c:\users\administrator\source\repos\mydriver10\punishment_heart_driver\x64\debug\mydriver1.tlog\custombuild.read.1.tlog
c:\users\administrator\source\repos\mydriver10\punishment_heart_driver\x64\debug\mydriver1.tlog\custombuild.write.1.tlog
c:\users\administrator\source\repos\mydriver10\punishment_heart_driver\x64\debug\mydriver1.tlog\inf2cat-expand.30780.read.1.tlog
c:\users\administrator\source\repos\mydriver10\punishment_heart_driver\x64\debug\mydriver1.tlog\inf2cat-expand.30780.write.1.tlog
c:\users\administrator\source\repos\mydriver10\punishment_heart_driver\x64\debug\mydriver1.tlog\inf2cat-expand.read.1.tlog
c:\users\administrator\source\repos\mydriver10\punishment_heart_driver\x64\debug\mydriver1.tlog\inf2cat-expand.write.1.tlog
c:\users\administrator\source\repos\mydriver10\punishment_heart_driver\x64\debug\mydriver1.tlog\inf2cat.command.1.tlog
c:\users\administrator\source\repos\mydriver10\punishment_heart_driver\x64\debug\mydriver1.tlog\inf2cat.read.1.tlog
c:\users\administrator\source\repos\mydriver10\punishment_heart_driver\x64\debug\mydriver1.tlog\inf2cat.write.1.tlog
c:\users\administrator\source\repos\mydriver10\punishment_heart_driver\x64\debug\mydriver1.tlog\link.command.1.tlog
c:\users\administrator\source\repos\mydriver10\punishment_heart_driver\x64\debug\mydriver1.tlog\link.read.1.tlog
c:\users\administrator\source\repos\mydriver10\punishment_heart_driver\x64\debug\mydriver1.tlog\link.write.1.tlog
c:\users\administrator\source\repos\mydriver10\punishment_heart_driver\x64\debug\mydriver1.tlog\signtool.command.1.tlog
c:\users\administrator\source\repos\mydriver10\punishment_heart_driver\x64\debug\mydriver1.tlog\signtool.read.1.tlog
c:\users\administrator\source\repos\mydriver10\punishment_heart_driver\x64\debug\mydriver1.tlog\signtool.timestamp.1.tlog
c:\users\administrator\source\repos\mydriver10\punishment_heart_driver\x64\debug\mydriver1.tlog\signtool.write.1.tlog
c:\users\administrator\source\repos\mydriver10\punishment_heart_driver\x64\debug\mydriver1.tlog\stampinf.command.1.tlog
c:\users\administrator\source\repos\mydriver10\punishment_heart_driver\x64\debug\mydriver1.tlog\stampinf.read.1.tlog
c:\users\administrator\source\repos\mydriver10\punishment_heart_driver\x64\debug\mydriver1.tlog\stampinf.write.1.tlog
