c:\users\administrator\source\repos\mydriver10\punishment_heart_driver\x64\debug\vc142.pdb
c:\users\administrator\source\repos\mydriver10\punishment_heart_driver\x64\debug\main.obj
c:\users\administrator\source\repos\mydriver10\punishment_heart_driver\x64\debug\_driver.obj
c:\users\administrator\source\repos\mydriver10\punishment_heart_driver\x64\debug\utils.obj
c:\users\administrator\source\repos\mydriver10\punishment_heart_driver\d_vmenvironment.obj
c:\users\administrator\source\repos\mydriver10\x64\debug\punishment_heart_driver\punishment_heart_driver.cat
c:\users\administrator\source\repos\mydriver10\x64\debug\punishment_heart_driver.sys
c:\users\administrator\source\repos\mydriver10\x64\debug\punishment_heart_driver.pdb
c:\users\administrator\source\repos\mydriver10\punishment_heart_driver\x64\debug\mydriver1.inf
c:\users\administrator\source\repos\mydriver10\x64\debug\punishment_heart_driver.cer
c:\users\administrator\source\repos\mydriver10\punishment_heart_driver\x64\debug\punishme.380966ec.tlog\cl.command.1.tlog
c:\users\administrator\source\repos\mydriver10\punishment_heart_driver\x64\debug\punishme.380966ec.tlog\cl.read.1.tlog
c:\users\administrator\source\repos\mydriver10\punishment_heart_driver\x64\debug\punishme.380966ec.tlog\cl.write.1.tlog
c:\users\administrator\source\repos\mydriver10\punishment_heart_driver\x64\debug\punishme.380966ec.tlog\custombuild.command.1.tlog
c:\users\administrator\source\repos\mydriver10\punishment_heart_driver\x64\debug\punishme.380966ec.tlog\custombuild.read.1.tlog
c:\users\administrator\source\repos\mydriver10\punishment_heart_driver\x64\debug\punishme.380966ec.tlog\custombuild.write.1.tlog
c:\users\administrator\source\repos\mydriver10\punishment_heart_driver\x64\debug\punishme.380966ec.tlog\inf2cat-expand.15776.read.1.tlog
c:\users\administrator\source\repos\mydriver10\punishment_heart_driver\x64\debug\punishme.380966ec.tlog\inf2cat-expand.15776.write.1.tlog
c:\users\administrator\source\repos\mydriver10\punishment_heart_driver\x64\debug\punishme.380966ec.tlog\inf2cat-expand.read.1.tlog
c:\users\administrator\source\repos\mydriver10\punishment_heart_driver\x64\debug\punishme.380966ec.tlog\inf2cat-expand.write.1.tlog
c:\users\administrator\source\repos\mydriver10\punishment_heart_driver\x64\debug\punishme.380966ec.tlog\inf2cat.command.1.tlog
c:\users\administrator\source\repos\mydriver10\punishment_heart_driver\x64\debug\punishme.380966ec.tlog\inf2cat.read.1.tlog
c:\users\administrator\source\repos\mydriver10\punishment_heart_driver\x64\debug\punishme.380966ec.tlog\inf2cat.write.1.tlog
c:\users\administrator\source\repos\mydriver10\punishment_heart_driver\x64\debug\punishme.380966ec.tlog\link.command.1.tlog
c:\users\administrator\source\repos\mydriver10\punishment_heart_driver\x64\debug\punishme.380966ec.tlog\link.read.1.tlog
c:\users\administrator\source\repos\mydriver10\punishment_heart_driver\x64\debug\punishme.380966ec.tlog\link.write.1.tlog
c:\users\administrator\source\repos\mydriver10\punishment_heart_driver\x64\debug\punishme.380966ec.tlog\signtool.command.1.tlog
c:\users\administrator\source\repos\mydriver10\punishment_heart_driver\x64\debug\punishme.380966ec.tlog\signtool.read.1.tlog
c:\users\administrator\source\repos\mydriver10\punishment_heart_driver\x64\debug\punishme.380966ec.tlog\signtool.timestamp.1.tlog
c:\users\administrator\source\repos\mydriver10\punishment_heart_driver\x64\debug\punishme.380966ec.tlog\signtool.write.1.tlog
c:\users\administrator\source\repos\mydriver10\punishment_heart_driver\x64\debug\punishme.380966ec.tlog\stampinf.command.1.tlog
c:\users\administrator\source\repos\mydriver10\punishment_heart_driver\x64\debug\punishme.380966ec.tlog\stampinf.read.1.tlog
c:\users\administrator\source\repos\mydriver10\punishment_heart_driver\x64\debug\punishme.380966ec.tlog\stampinf.write.1.tlog
